Unity Editor version:    2021.3.18f1 (3129e69bc0c7)
Branch:                  2021.3/staging
Build type:              Release
Batch mode:              YES
macOS version:           Version 12.6 (Build 21G115)
Darwin version:          21.6.0
Architecture:            x86_64
Running under Rosetta:   NO
Available memory:        8192 MB
Using pre-set license
Pro License: YES

COMMAND LINE ARGUMENTS:
/Applications/Unity/Hub/Editor/2021.3.18f1/Unity.app/Contents/MacOS/Unity
-adb2
-batchMode
-noUpm
-name
AssetImportWorker0
-projectPath
/Users/andressegrera/Documents/GitHub/F33_VR/prototype1
-logFile
Logs/AssetImportWorker0.log
-srvPort
58278
Successfully changed project path to: /Users/andressegrera/Documents/GitHub/F33_VR/prototype1
/Users/andressegrera/Documents/GitHub/F33_VR/prototype1
[UnityMemory] Configuration Parameters - Can be set up in boot.config
    "memorysetup-bucket-allocator-granularity=16"
    "memorysetup-bucket-allocator-bucket-count=8"
    "memorysetup-bucket-allocator-block-size=33554432"
    "memorysetup-bucket-allocator-block-count=8"
    "memorysetup-main-allocator-block-size=16777216"
    "memorysetup-thread-allocator-block-size=16777216"
    "memorysetup-gfx-main-allocator-block-size=16777216"
    "memorysetup-gfx-thread-allocator-block-size=16777216"
    "memorysetup-cache-allocator-block-size=4194304"
    "memorysetup-typetree-allocator-block-size=2097152"
    "memorysetup-profiler-bucket-allocator-granularity=16"
    "memorysetup-profiler-bucket-allocator-bucket-count=8"
    "memorysetup-profiler-bucket-allocator-block-size=33554432"
    "memorysetup-profiler-bucket-allocator-block-count=8"
    "memorysetup-profiler-allocator-block-size=16777216"
    "memorysetup-profiler-editor-allocator-block-size=1048576"
    "memorysetup-temp-allocator-size-main=16777216"
    "memorysetup-job-temp-allocator-block-size=2097152"
    "memorysetup-job-temp-allocator-block-size-background=1048576"
    "memorysetup-job-temp-allocator-reduction-small-platforms=262144"
    "memorysetup-temp-allocator-size-background-worker=32768"
    "memorysetup-temp-allocator-size-job-worker=262144"
    "memorysetup-temp-allocator-size-preload-manager=33554432"
    "memorysetup-temp-allocator-size-nav-mesh-worker=65536"
    "memorysetup-temp-allocator-size-audio-worker=65536"
    "memorysetup-temp-allocator-size-cloud-worker=32768"
    "memorysetup-temp-allocator-size-gi-baking-worker=262144"
    "memorysetup-temp-allocator-size-gfx=262144"
Player connection [4440536576] Host "[IP] 10.192.67.230 [Port] 0 [Flags] 2 [Guid] 3185027653 [EditorId] 3185027653 [Version] 1048832 [Id] OSXEditor(0,Andress-MacBook-Air.local) [Debug] 1 [PackageName] OSXEditor [ProjectName] Editor" joined multi-casting on [225.0.0.222:54997]...

Player connection [4440536576] Host "[IP] 10.192.67.230 [Port] 0 [Flags] 2 [Guid] 3185027653 [EditorId] 3185027653 [Version] 1048832 [Id] OSXEditor(0,Andress-MacBook-Air.local) [Debug] 1 [PackageName] OSXEditor [ProjectName] Editor" joined alternative multi-casting on [225.0.0.222:34997]...

Refreshing native plugins compatible for Editor in 160.07 ms, found 2 plugins.
Preloading 0 native plugins for Editor in 0.00 ms.
Initialize engine version: 2021.3.18f1 (3129e69bc0c7)
[Subsystems] Discovering subsystems at path /Applications/Unity/Hub/Editor/2021.3.18f1/Unity.app/Contents/Resources/UnitySubsystems
[Subsystems] Discovering subsystems at path /Users/andressegrera/Documents/GitHub/F33_VR/prototype1/Assets
GfxDevice: creating device client; threaded=0; jobified=0
Color LCD preferred device: Intel(R) UHD Graphics 617 (low power)
Metal devices available: 1
0: Intel(R) UHD Graphics 617 (low power)
Using device Intel(R) UHD Graphics 617 (low power)
Initializing Metal device caps: Intel(R) UHD Graphics 617
Initialize mono
Mono path[0] = '/Applications/Unity/Hub/Editor/2021.3.18f1/Unity.app/Contents/Managed'
Mono path[1] = '/Applications/Unity/Hub/Editor/2021.3.18f1/Unity.app/Contents/MonoBleedingEdge/lib/mono/unityjit-macos'
Mono config path = '/Applications/Unity/Hub/Editor/2021.3.18f1/Unity.app/Contents/MonoBleedingEdge/etc'
Using monoOptions --debugger-agent=transport=dt_socket,embedding=1,server=y,suspend=n,address=127.0.0.1:56508
Begin MonoManager ReloadAssembly
Registering precompiled unity dll's ...
Register platform support module: /Applications/Unity/Hub/Editor/2021.3.18f1/PlaybackEngines/WebGLSupport/UnityEditor.WebGL.Extensions.dll
Register platform support module: /Applications/Unity/Hub/Editor/2021.3.18f1/Unity.app/Contents/PlaybackEngines/MacStandaloneSupport/UnityEditor.OSXStandalone.Extensions.dll
Registered in 0.006887 seconds.
Native extension for OSXStandalone target not found
Native extension for WebGL target not found
Refreshing native plugins compatible for Editor in 131.77 ms, found 2 plugins.
Preloading 0 native plugins for Editor in 0.00 ms.
Mono: successfully reloaded assembly
- Completed reload, in  1.255 seconds
Domain Reload Profiling:
	ReloadAssembly (1255ms)
		BeginReloadAssembly (220ms)
			ExecutionOrderSort (0ms)
			DisableScriptedObjects (0ms)
			BackupInstance (0ms)
			ReleaseScriptingObjects (0ms)
			CreateAndSetChildDomain (1ms)
		EndReloadAssembly (834ms)
			LoadAssemblies (223ms)
			RebuildTransferFunctionScriptingTraits (0ms)
			SetupTypeCache (212ms)
			ReleaseScriptCaches (0ms)
			RebuildScriptCaches (53ms)
			SetupLoadedEditorAssemblies (487ms)
				LogAssemblyErrors (0ms)
				InitializePlatformSupportModulesInManaged (12ms)
				SetLoadedEditorAssemblies (0ms)
				RefreshPlugins (132ms)
				BeforeProcessingInitializeOnLoad (2ms)
				ProcessInitializeOnLoadAttributes (267ms)
				ProcessInitializeOnLoadMethodAttributes (75ms)
				AfterProcessingInitializeOnLoad (0ms)
				EditorAssembliesLoaded (0ms)
			ExecutionOrderSort2 (0ms)
			AwakeInstancesAfterBackupRestoration (0ms)
Platform modules already initialized, skipping
Registering precompiled user dll's ...
Registered in 0.019955 seconds.
Begin MonoManager ReloadAssembly
Symbol file LoadedFromMemory doesn't match image /Users/andressegrera/Documents/GitHub/F33_VR/prototype1/Library/PackageCache/com.unity.visualscripting@1.8.0/Editor/VisualScripting.Core/Dependencies/YamlDotNet/Unity.VisualScripting.YamlDotNet.dll
Symbol file LoadedFromMemory doesn't match image /Users/andressegrera/Documents/GitHub/F33_VR/prototype1/Library/PackageCache/com.unity.visualscripting@1.8.0/Editor/VisualScripting.Core/Dependencies/DotNetZip/Unity.VisualScripting.IonicZip.dll
Native extension for OSXStandalone target not found
Native extension for WebGL target not found
Refreshing native plugins compatible for Editor in 0.95 ms, found 2 plugins.
Preloading 0 native plugins for Editor in 0.00 ms.
Mono: successfully reloaded assembly
- Completed reload, in  2.257 seconds
Domain Reload Profiling:
	ReloadAssembly (2258ms)
		BeginReloadAssembly (189ms)
			ExecutionOrderSort (0ms)
			DisableScriptedObjects (10ms)
			BackupInstance (0ms)
			ReleaseScriptingObjects (0ms)
			CreateAndSetChildDomain (53ms)
		EndReloadAssembly (1804ms)
			LoadAssemblies (223ms)
			RebuildTransferFunctionScriptingTraits (0ms)
			SetupTypeCache (555ms)
			ReleaseScriptCaches (1ms)
			RebuildScriptCaches (116ms)
			SetupLoadedEditorAssemblies (838ms)
				LogAssemblyErrors (0ms)
				InitializePlatformSupportModulesInManaged (10ms)
				SetLoadedEditorAssemblies (1ms)
				RefreshPlugins (1ms)
				BeforeProcessingInitializeOnLoad (132ms)
				ProcessInitializeOnLoadAttributes (464ms)
				ProcessInitializeOnLoadMethodAttributes (227ms)
				AfterProcessingInitializeOnLoad (3ms)
				EditorAssembliesLoaded (0ms)
			ExecutionOrderSort2 (0ms)
			AwakeInstancesAfterBackupRestoration (7ms)
Platform modules already initialized, skipping
========================================================================
Worker process is ready to serve import requests
Launching external process: /Applications/Unity/Hub/Editor/2021.3.18f1/Unity.app/Contents/Tools/UnityShaderCompiler
Launched and connected shader compiler UnityShaderCompiler after 0.10 seconds
Refreshing native plugins compatible for Editor in 0.90 ms, found 2 plugins.
Preloading 0 native plugins for Editor in 0.00 ms.
Unloading 3723 Unused Serialized files (Serialized files now loaded: 0)
Unloading 37 unused Assets / (88.2 KB). Loaded Objects now: 4171.
Memory consumption went from 119.5 MB to 119.4 MB.
Total: 12.971934 ms (FindLiveObjects: 0.484440 ms CreateObjectMapping: 0.486395 ms MarkObjects: 11.791452 ms  DeleteObjects: 0.208382 ms)

AssetImportParameters requested are different than current active one (requested -> active):
  custom:video-decoder-ogg-theora: a1e56fd34408186e4bbccfd4996cb3dc -> 
  custom:container-muxer-webm: aa71ff27fc2769a1b78a27578f13a17b -> 
  custom:container-demuxer-webm: 4f35f7cbe854078d1ac9338744f61a02 -> 
  custom:video-encoder-webm-vp8: eb34c28f22e8b96e1ab97ce403110664 -> 
  custom:framework-osx-AVFoundation: e770b220cccbd017edd2c1fefb359320 -> 
  custom:audio-encoder-webm-vorbis: bf7c407c2cedff20999df2af8eb42d56 -> 
  custom:container-demuxer-ogg: 62fdf1f143b41e24485cea50d1cbac27 -> 
  custom:video-decoder-webm-vp8: 9c59270c3fd7afecdb556c50c9e8de78 -> 
  custom:audio-decoder-ogg-vorbis: bf7c407c2cedff20999df2af8eb42d56 -> 
========================================================================
Received Import Request.
  Time since last request: 125726.041792 seconds.
  path: Assets/Megapoly.Art/Vintage Controls
  artifactKey: Guid(bb9d6e215682547aebd3199cd5aa439c) Importer(815301076,1909f56bfc062723c751e8b465ee728b)
Start importing Assets/Megapoly.Art/Vintage Controls using Guid(bb9d6e215682547aebd3199cd5aa439c) Importer(815301076,1909f56bfc062723c751e8b465ee728b)  -> (artifact id: '9f92ea9a3a90de2b744bd88a6cf82d18') in 0.011322 seconds 
========================================================================
Received Import Request.
  Time since last request: 0.891344 seconds.
  path: Assets/Park/Textures
  artifactKey: Guid(f20ef4eb2e630c54882e768b7186683c) Importer(815301076,1909f56bfc062723c751e8b465ee728b)
Start importing Assets/Park/Textures using Guid(f20ef4eb2e630c54882e768b7186683c) Importer(815301076,1909f56bfc062723c751e8b465ee728b)  -> (artifact id: 'e8acab82397b845174853755104c22ac') in 0.001717 seconds 
========================================================================
Received Import Request.
  Time since last request: 0.100046 seconds.
  path: Assets/Park/Textures/Park-Specular.tga
  artifactKey: Guid(e4c02e81aee945148a122d6954106537) Importer(815301076,1909f56bfc062723c751e8b465ee728b)
Start importing Assets/Park/Textures/Park-Specular.tga using Guid(e4c02e81aee945148a122d6954106537) Importer(815301076,1909f56bfc062723c751e8b465ee728b)  -> (artifact id: 'e60aab2aa8b968d8a2022d6356cdcc72') in 1.488143 seconds 
========================================================================
Received Import Request.
  Time since last request: 0.000345 seconds.
  path: Assets/Park/Textures/SKY_Mat.mat
  artifactKey: Guid(b7c63368cd095bd499d5e0818af66f27) Importer(815301076,1909f56bfc062723c751e8b465ee728b)
Start importing Assets/Park/Textures/SKY_Mat.mat using Guid(b7c63368cd095bd499d5e0818af66f27) Importer(815301076,1909f56bfc062723c751e8b465ee728b)  -> (artifact id: '2d26825f80fa66fc87349cf1ef42f5dd') in 2.797831 seconds 
========================================================================
Received Import Request.
  Time since last request: 0.000439 seconds.
  path: Assets/Park/Textures/Park-Texture.tga
  artifactKey: Guid(95ab2525b36f9434691e6e291b0fdf89) Importer(815301076,1909f56bfc062723c751e8b465ee728b)
Start importing Assets/Park/Textures/Park-Texture.tga using Guid(95ab2525b36f9434691e6e291b0fdf89) Importer(815301076,1909f56bfc062723c751e8b465ee728b)  -> (artifact id: 'fe956d22439a18c0de0d34d362560240') in 0.033376 seconds 
========================================================================
Received Import Request.
  Time since last request: 6.215852 seconds.
  path: Assets/Park/Prefabs/Wooden Bridge.prefab
  artifactKey: Guid(9ec1901049795e04face0066f4588247) Importer(815301076,1909f56bfc062723c751e8b465ee728b)
Start importing Assets/Park/Prefabs/Wooden Bridge.prefab using Guid(9ec1901049795e04face0066f4588247) Importer(815301076,1909f56bfc062723c751e8b465ee728b)  -> (artifact id: '91a4cbb6a2667a2ea393509c3b99f43f') in 0.802786 seconds 
========================================================================
Received Import Request.
  Time since last request: 3306.326959 seconds.
  path: Assets/Megapoly.Art/Vintage Controls/Prefabs
  artifactKey: Guid(5ca54ebeda72e504e9b5d8f59e2ac496) Importer(815301076,1909f56bfc062723c751e8b465ee728b)
Start importing Assets/Megapoly.Art/Vintage Controls/Prefabs using Guid(5ca54ebeda72e504e9b5d8f59e2ac496) Importer(815301076,1909f56bfc062723c751e8b465ee728b)  -> (artifact id: '62b566e6913e67c5a12aa978b66f82e8') in 0.013898 seconds 
========================================================================
Received Import Request.
  Time since last request: 0.140043 seconds.
  path: Assets/Megapoly.Art/Vintage Controls/Prefabs/Blue_ButtonRectangular.prefab
  artifactKey: Guid(30ec7c588f3cb0040b721fb021d39d48) Importer(815301076,1909f56bfc062723c751e8b465ee728b)
Start importing Assets/Megapoly.Art/Vintage Controls/Prefabs/Blue_ButtonRectangular.prefab using Guid(30ec7c588f3cb0040b721fb021d39d48) Importer(815301076,1909f56bfc062723c751e8b465ee728b)  -> (artifact id: '03455ad3fcd1a7b25a8cbea699b68e23') in 0.086557 seconds 
========================================================================
Received Import Request.
  Time since last request: 0.000105 seconds.
  path: Assets/Megapoly.Art/Vintage Controls/Prefabs/Monitor_CRT.prefab
  artifactKey: Guid(24ee88865e48f4f42ab86a745f0dcb3a) Importer(815301076,1909f56bfc062723c751e8b465ee728b)
Start importing Assets/Megapoly.Art/Vintage Controls/Prefabs/Monitor_CRT.prefab using Guid(24ee88865e48f4f42ab86a745f0dcb3a) Importer(815301076,1909f56bfc062723c751e8b465ee728b)  -> (artifact id: '3369345c835190c99c9148556d9c543e') in 0.214543 seconds 
========================================================================
Received Import Request.
  Time since last request: 0.000103 seconds.
  path: Assets/Megapoly.Art/Vintage Controls/Prefabs/ControlTable_1.prefab
  artifactKey: Guid(c307df270aadc074992821aa7848cf1a) Importer(815301076,1909f56bfc062723c751e8b465ee728b)
Start importing Assets/Megapoly.Art/Vintage Controls/Prefabs/ControlTable_1.prefab using Guid(c307df270aadc074992821aa7848cf1a) Importer(815301076,1909f56bfc062723c751e8b465ee728b)  -> (artifact id: '9f27b3a18690403146a74f0e39e5073a') in 0.035062 seconds 
========================================================================
Received Import Request.
  Time since last request: 0.000096 seconds.
  path: Assets/Megapoly.Art/Vintage Controls/Prefabs/Gauge_Square.prefab
  artifactKey: Guid(05e9e47448795424c82917b515c7b876) Importer(815301076,1909f56bfc062723c751e8b465ee728b)
Start importing Assets/Megapoly.Art/Vintage Controls/Prefabs/Gauge_Square.prefab using Guid(05e9e47448795424c82917b515c7b876) Importer(815301076,1909f56bfc062723c751e8b465ee728b)  -> (artifact id: '57faf5353015913b516f1496e0524423') in 0.043438 seconds 
========================================================================
Received Import Request.
  Time since last request: 0.000096 seconds.
  path: Assets/Megapoly.Art/Vintage Controls/Prefabs/ControlTable_2.prefab
  artifactKey: Guid(40535aa33ebc45340b3485d098918459) Importer(815301076,1909f56bfc062723c751e8b465ee728b)
Start importing Assets/Megapoly.Art/Vintage Controls/Prefabs/ControlTable_2.prefab using Guid(40535aa33ebc45340b3485d098918459) Importer(815301076,1909f56bfc062723c751e8b465ee728b)  -> (artifact id: 'efd049b94f68ba3822920a395efd78bc') in 0.041935 seconds 
========================================================================
Received Import Request.
  Time since last request: 0.000183 seconds.
  path: Assets/Megapoly.Art/Vintage Controls/Prefabs/Knob_Black.prefab
  artifactKey: Guid(32d4e1a05774c6d4eb75e07df6799121) Importer(815301076,1909f56bfc062723c751e8b465ee728b)
Start importing Assets/Megapoly.Art/Vintage Controls/Prefabs/Knob_Black.prefab using Guid(32d4e1a05774c6d4eb75e07df6799121) Importer(815301076,1909f56bfc062723c751e8b465ee728b)  -> (artifact id: 'd8c4d733c0354537349ab6dac6eb4c67') in 0.034598 seconds 
========================================================================
Received Import Request.
  Time since last request: 0.000142 seconds.
  path: Assets/Megapoly.Art/Vintage Controls/Prefabs/Knob_Plate.prefab
  artifactKey: Guid(d038a107fdf26a243b241da54199b01f) Importer(815301076,1909f56bfc062723c751e8b465ee728b)
Start importing Assets/Megapoly.Art/Vintage Controls/Prefabs/Knob_Plate.prefab using Guid(d038a107fdf26a243b241da54199b01f) Importer(815301076,1909f56bfc062723c751e8b465ee728b)  -> (artifact id: '48f70644b370cf941c588c6f79a225c9') in 0.035169 seconds 
========================================================================
Received Import Request.
  Time since last request: 0.000224 seconds.
  path: Assets/Megapoly.Art/Vintage Controls/Prefabs/Monitor_Round.prefab
  artifactKey: Guid(4b254a3dc6a244845bba5d5bb6bd3840) Importer(815301076,1909f56bfc062723c751e8b465ee728b)
Start importing Assets/Megapoly.Art/Vintage Controls/Prefabs/Monitor_Round.prefab using Guid(4b254a3dc6a244845bba5d5bb6bd3840) Importer(815301076,1909f56bfc062723c751e8b465ee728b)  -> (artifact id: '8e3106eba75752fda73193e1c603a8f8') in 0.037944 seconds 
========================================================================
Received Import Request.
  Time since last request: 0.000118 seconds.
  path: Assets/Megapoly.Art/Vintage Controls/Prefabs/Needle_Knob_Black.prefab
  artifactKey: Guid(d53d645bd83adf8448cfe205b64f162d) Importer(815301076,1909f56bfc062723c751e8b465ee728b)
Start importing Assets/Megapoly.Art/Vintage Controls/Prefabs/Needle_Knob_Black.prefab using Guid(d53d645bd83adf8448cfe205b64f162d) Importer(815301076,1909f56bfc062723c751e8b465ee728b)  -> (artifact id: '0e9a4a6a8a88ceda9086b9751127319a') in 0.028602 seconds 
========================================================================
Received Import Request.
  Time since last request: 0.000184 seconds.
  path: Assets/Megapoly.Art/Vintage Controls/Prefabs/Knob_Plate_Big.prefab
  artifactKey: Guid(78ea3e7b17915de40a24d5cc4855c900) Importer(815301076,1909f56bfc062723c751e8b465ee728b)
Start importing Assets/Megapoly.Art/Vintage Controls/Prefabs/Knob_Plate_Big.prefab using Guid(78ea3e7b17915de40a24d5cc4855c900) Importer(815301076,1909f56bfc062723c751e8b465ee728b)  -> (artifact id: '1af613e2ac70f292b010ad1e3dd3f329') in 0.034497 seconds 
========================================================================
Received Import Request.
  Time since last request: 0.000687 seconds.
  path: Assets/Megapoly.Art/Vintage Controls/Prefabs/LampGreen.prefab
  artifactKey: Guid(b1d2fd7f3c98f164d89678c55a731f2f) Importer(815301076,1909f56bfc062723c751e8b465ee728b)
Start importing Assets/Megapoly.Art/Vintage Controls/Prefabs/LampGreen.prefab using Guid(b1d2fd7f3c98f164d89678c55a731f2f) Importer(815301076,1909f56bfc062723c751e8b465ee728b)  -> (artifact id: '16f33218c0574e1c67f4cacdfb5dd60f') in 0.046395 seconds 
========================================================================
Received Import Request.
  Time since last request: 0.000187 seconds.
  path: Assets/Megapoly.Art/Vintage Controls/Prefabs/Monitor_Big.prefab
  artifactKey: Guid(4bbccccf111530448a243975fde15b6f) Importer(815301076,1909f56bfc062723c751e8b465ee728b)
Start importing Assets/Megapoly.Art/Vintage Controls/Prefabs/Monitor_Big.prefab using Guid(4bbccccf111530448a243975fde15b6f) Importer(815301076,1909f56bfc062723c751e8b465ee728b)  -> (artifact id: '68661582340cb1c6dc18e7e5a914a700') in 0.040048 seconds 
========================================================================
Received Import Request.
  Time since last request: 0.000106 seconds.
  path: Assets/Megapoly.Art/Vintage Controls/Prefabs/Blue_ButtonRectangularwFrame.prefab
  artifactKey: Guid(09c1fbedae56d3347800acc4d9e76b18) Importer(815301076,1909f56bfc062723c751e8b465ee728b)
Start importing Assets/Megapoly.Art/Vintage Controls/Prefabs/Blue_ButtonRectangularwFrame.prefab using Guid(09c1fbedae56d3347800acc4d9e76b18) Importer(815301076,1909f56bfc062723c751e8b465ee728b)  -> (artifact id: 'ad95c7616d6735aa7641d2f16d1b754f') in 0.063028 seconds 
========================================================================
Received Import Request.
  Time since last request: 0.000181 seconds.
  path: Assets/Megapoly.Art/Vintage Controls/Prefabs/Empty_RectUnit.prefab
  artifactKey: Guid(7dca2ccf92d31b9498b18a38dced5315) Importer(815301076,1909f56bfc062723c751e8b465ee728b)
Start importing Assets/Megapoly.Art/Vintage Controls/Prefabs/Empty_RectUnit.prefab using Guid(7dca2ccf92d31b9498b18a38dced5315) Importer(815301076,1909f56bfc062723c751e8b465ee728b)  -> (artifact id: '04f6c02231536e5d12ab8b780c5865c2') in 0.139527 seconds 
========================================================================
Received Import Request.
  Time since last request: 0.000101 seconds.
  path: Assets/Megapoly.Art/Vintage Controls/Prefabs/Magentic_Tape.prefab
  artifactKey: Guid(a392cc9c7dc638e478ef94eda36bb858) Importer(815301076,1909f56bfc062723c751e8b465ee728b)
Start importing Assets/Megapoly.Art/Vintage Controls/Prefabs/Magentic_Tape.prefab using Guid(a392cc9c7dc638e478ef94eda36bb858) Importer(815301076,1909f56bfc062723c751e8b465ee728b)  -> (artifact id: 'b584fb51b06f198bf4ed867f861f2e69') in 0.054222 seconds 
========================================================================
Received Import Request.
  Time since last request: 0.001102 seconds.
  path: Assets/Megapoly.Art/Vintage Controls/Prefabs/LampYellow.prefab
  artifactKey: Guid(e13295f706c586244983138e65acdb39) Importer(815301076,1909f56bfc062723c751e8b465ee728b)
Start importing Assets/Megapoly.Art/Vintage Controls/Prefabs/LampYellow.prefab using Guid(e13295f706c586244983138e65acdb39) Importer(815301076,1909f56bfc062723c751e8b465ee728b)  -> (artifact id: 'c94b825a1ceb755b153d777109ec3ac9') in 0.074322 seconds 
========================================================================
Received Import Request.
  Time since last request: 0.000109 seconds.
  path: Assets/Megapoly.Art/Vintage Controls/Prefabs/LampFrame.prefab
  artifactKey: Guid(c9c44f485f404d64fa10dba3109a365f) Importer(815301076,1909f56bfc062723c751e8b465ee728b)
Start importing Assets/Megapoly.Art/Vintage Controls/Prefabs/LampFrame.prefab using Guid(c9c44f485f404d64fa10dba3109a365f) Importer(815301076,1909f56bfc062723c751e8b465ee728b)  -> (artifact id: '57b457ae25bdd1e5166adcf089422778') in 0.032396 seconds 
========================================================================
Received Import Request.
  Time since last request: 0.000506 seconds.
  path: Assets/Megapoly.Art/Vintage Controls/Prefabs/Gauge_Round_2.prefab
  artifactKey: Guid(dd9485631b4d4e04a9d908e58cd6c025) Importer(815301076,1909f56bfc062723c751e8b465ee728b)
Start importing Assets/Megapoly.Art/Vintage Controls/Prefabs/Gauge_Round_2.prefab using Guid(dd9485631b4d4e04a9d908e58cd6c025) Importer(815301076,1909f56bfc062723c751e8b465ee728b)  -> (artifact id: '608fca123717266065703ae465ccd65f') in 0.038894 seconds 
========================================================================
Received Import Request.
  Time since last request: 0.000133 seconds.
  path: Assets/Megapoly.Art/Vintage Controls/Prefabs/HandleLong.prefab
  artifactKey: Guid(c1778cf121f838a48af708c867e3ffd4) Importer(815301076,1909f56bfc062723c751e8b465ee728b)
Start importing Assets/Megapoly.Art/Vintage Controls/Prefabs/HandleLong.prefab using Guid(c1778cf121f838a48af708c867e3ffd4) Importer(815301076,1909f56bfc062723c751e8b465ee728b)  -> (artifact id: '4fb10803becc8bad69b070dac81bc991') in 0.034275 seconds 
========================================================================
Received Import Request.
  Time since last request: 0.000261 seconds.
  path: Assets/Megapoly.Art/Vintage Controls/Prefabs/Knob.prefab
  artifactKey: Guid(7d69f11d164706041bc7b8b6dd5fe68c) Importer(815301076,1909f56bfc062723c751e8b465ee728b)
Start importing Assets/Megapoly.Art/Vintage Controls/Prefabs/Knob.prefab using Guid(7d69f11d164706041bc7b8b6dd5fe68c) Importer(815301076,1909f56bfc062723c751e8b465ee728b)  -> (artifact id: '5b9a0cdc86f3a8a4a12e2a4f6a744d5b') in 0.034019 seconds 
========================================================================
Received Import Request.
  Time since last request: 0.000716 seconds.
  path: Assets/Megapoly.Art/Vintage Controls/Prefabs/Knob_Big_Black.prefab
  artifactKey: Guid(5355043e2b7feb74b8fcf581828b1e1e) Importer(815301076,1909f56bfc062723c751e8b465ee728b)
Start importing Assets/Megapoly.Art/Vintage Controls/Prefabs/Knob_Big_Black.prefab using Guid(5355043e2b7feb74b8fcf581828b1e1e) Importer(815301076,1909f56bfc062723c751e8b465ee728b)  -> (artifact id: 'c70c03745e782fa8c9feb1b93b094ae3') in 0.031641 seconds 
========================================================================
Received Import Request.
  Time since last request: 0.000119 seconds.
  path: Assets/Megapoly.Art/Vintage Controls/Prefabs/Handle_Short.prefab
  artifactKey: Guid(7ff3fa3ed774df04099af6fe3b1422c3) Importer(815301076,1909f56bfc062723c751e8b465ee728b)
Start importing Assets/Megapoly.Art/Vintage Controls/Prefabs/Handle_Short.prefab using Guid(7ff3fa3ed774df04099af6fe3b1422c3) Importer(815301076,1909f56bfc062723c751e8b465ee728b)  -> (artifact id: 'f516ced20527194486eed2f7a072ee53') in 0.030264 seconds 
========================================================================
Received Import Request.
  Time since last request: 0.000127 seconds.
  path: Assets/Megapoly.Art/Vintage Controls/Prefabs/Green_ButtonRectangularwFrame.prefab
  artifactKey: Guid(9e1c7dc117a292b4c801677777be91d9) Importer(815301076,1909f56bfc062723c751e8b465ee728b)
Start importing Assets/Megapoly.Art/Vintage Controls/Prefabs/Green_ButtonRectangularwFrame.prefab using Guid(9e1c7dc117a292b4c801677777be91d9) Importer(815301076,1909f56bfc062723c751e8b465ee728b)  -> (artifact id: '3c6d83e658996826c5991d983369fdca') in 0.038485 seconds 
========================================================================
Received Import Request.
  Time since last request: 0.000269 seconds.
  path: Assets/Megapoly.Art/Vintage Controls/Prefabs/Green_ButtonRectangular.prefab
  artifactKey: Guid(350705dcfc988794b86d4fe023ddaf13) Importer(815301076,1909f56bfc062723c751e8b465ee728b)
Start importing Assets/Megapoly.Art/Vintage Controls/Prefabs/Green_ButtonRectangular.prefab using Guid(350705dcfc988794b86d4fe023ddaf13) Importer(815301076,1909f56bfc062723c751e8b465ee728b)  -> (artifact id: 'd6a806a45c7523e89aed901536b9a7e8') in 0.037613 seconds 
========================================================================
Received Import Request.
  Time since last request: 0.000145 seconds.
  path: Assets/Megapoly.Art/Vintage Controls/Prefabs/Plate.prefab
  artifactKey: Guid(c772e80410bd04a4d8b0bb9a3ad009e1) Importer(815301076,1909f56bfc062723c751e8b465ee728b)
Start importing Assets/Megapoly.Art/Vintage Controls/Prefabs/Plate.prefab using Guid(c772e80410bd04a4d8b0bb9a3ad009e1) Importer(815301076,1909f56bfc062723c751e8b465ee728b)  -> (artifact id: '2655a9b5bc08725ef7d8e62d708f746d') in 0.033775 seconds 
========================================================================
Received Import Request.
  Time since last request: 0.000158 seconds.
  path: Assets/Megapoly.Art/Vintage Controls/Prefabs/Gauge_Round_1.prefab
  artifactKey: Guid(1dc9e4c2fca68ba4d959d4080b2754be) Importer(815301076,1909f56bfc062723c751e8b465ee728b)
Start importing Assets/Megapoly.Art/Vintage Controls/Prefabs/Gauge_Round_1.prefab using Guid(1dc9e4c2fca68ba4d959d4080b2754be) Importer(815301076,1909f56bfc062723c751e8b465ee728b)  -> (artifact id: '750db4f47e08cf3d035cb1ddd4630811') in 0.036121 seconds 
========================================================================
Received Import Request.
  Time since last request: 0.000300 seconds.
  path: Assets/Megapoly.Art/Vintage Controls/Prefabs/JackInput.prefab
  artifactKey: Guid(6257ddab6720e2646853d03a7478a253) Importer(815301076,1909f56bfc062723c751e8b465ee728b)
Start importing Assets/Megapoly.Art/Vintage Controls/Prefabs/JackInput.prefab using Guid(6257ddab6720e2646853d03a7478a253) Importer(815301076,1909f56bfc062723c751e8b465ee728b)  -> (artifact id: 'ad4b72852c83686d8fd33570b33c7414') in 0.032960 seconds 
========================================================================
Received Import Request.
  Time since last request: 0.000250 seconds.
  path: Assets/Megapoly.Art/Vintage Controls/Prefabs/Needle_Knob_RedWhite.prefab
  artifactKey: Guid(ecca9463a63616c44a6dacb9d8f6bf97) Importer(815301076,1909f56bfc062723c751e8b465ee728b)
Start importing Assets/Megapoly.Art/Vintage Controls/Prefabs/Needle_Knob_RedWhite.prefab using Guid(ecca9463a63616c44a6dacb9d8f6bf97) Importer(815301076,1909f56bfc062723c751e8b465ee728b)  -> (artifact id: '41d01aa9d4a4715afa29cafeac832ce5') in 0.031451 seconds 
========================================================================
Received Import Request.
  Time since last request: 0.001683 seconds.
  path: Assets/Megapoly.Art/Vintage Controls/Prefabs/LampBlue.prefab
  artifactKey: Guid(fdf8b6bf126de44428dcab4191cbc949) Importer(815301076,1909f56bfc062723c751e8b465ee728b)
Start importing Assets/Megapoly.Art/Vintage Controls/Prefabs/LampBlue.prefab using Guid(fdf8b6bf126de44428dcab4191cbc949) Importer(815301076,1909f56bfc062723c751e8b465ee728b)  -> (artifact id: '2884d4df0335b861bca16c5f4d221049') in 0.039056 seconds 
========================================================================
Received Import Request.
  Time since last request: 0.000129 seconds.
  path: Assets/Megapoly.Art/Vintage Controls/Prefabs/Gauge_Wide.prefab
  artifactKey: Guid(920d10b9fd6079a45a57515153f18927) Importer(815301076,1909f56bfc062723c751e8b465ee728b)
Start importing Assets/Megapoly.Art/Vintage Controls/Prefabs/Gauge_Wide.prefab using Guid(920d10b9fd6079a45a57515153f18927) Importer(815301076,1909f56bfc062723c751e8b465ee728b)  -> (artifact id: 'be7f0c2c7c20905c6f0d7c1341549ef8') in 0.033344 seconds 
========================================================================
Received Import Request.
  Time since last request: 0.000698 seconds.
  path: Assets/Megapoly.Art/Vintage Controls/Prefabs/KeyPad 9.prefab
  artifactKey: Guid(3be4a07f25ab64641aa8a3cf1e04c52d) Importer(815301076,1909f56bfc062723c751e8b465ee728b)
Start importing Assets/Megapoly.Art/Vintage Controls/Prefabs/KeyPad 9.prefab using Guid(3be4a07f25ab64641aa8a3cf1e04c52d) Importer(815301076,1909f56bfc062723c751e8b465ee728b)  -> (artifact id: '232e6049eb58c78001f54d71a20869b4') in 0.072214 seconds 
========================================================================
Received Import Request.
  Time since last request: 0.000117 seconds.
  path: Assets/Megapoly.Art/Vintage Controls/Prefabs/LampRed.prefab
  artifactKey: Guid(38ae11bf41a76e446b1396621c1d3edb) Importer(815301076,1909f56bfc062723c751e8b465ee728b)
Start importing Assets/Megapoly.Art/Vintage Controls/Prefabs/LampRed.prefab using Guid(38ae11bf41a76e446b1396621c1d3edb) Importer(815301076,1909f56bfc062723c751e8b465ee728b)  -> (artifact id: '0481f2937685bb7e50835968a6a90a59') in 0.051286 seconds 
========================================================================
Received Import Request.
  Time since last request: 0.000120 seconds.
  path: Assets/Megapoly.Art/Vintage Controls/Prefabs/Needle_Knob_BlackWhite.prefab
  artifactKey: Guid(0161a804e68b964408891ec04709d69e) Importer(815301076,1909f56bfc062723c751e8b465ee728b)
Start importing Assets/Megapoly.Art/Vintage Controls/Prefabs/Needle_Knob_BlackWhite.prefab using Guid(0161a804e68b964408891ec04709d69e) Importer(815301076,1909f56bfc062723c751e8b465ee728b)  -> (artifact id: '124d9ef7738d7ca06e0a93da6de98bc9') in 0.033344 seconds 
========================================================================
Received Import Request.
  Time since last request: 0.000531 seconds.
  path: Assets/Megapoly.Art/Vintage Controls/Prefabs/Long_Plate.prefab
  artifactKey: Guid(e92ce5508368c734095d22e6082bcac7) Importer(815301076,1909f56bfc062723c751e8b465ee728b)
Start importing Assets/Megapoly.Art/Vintage Controls/Prefabs/Long_Plate.prefab using Guid(e92ce5508368c734095d22e6082bcac7) Importer(815301076,1909f56bfc062723c751e8b465ee728b)  -> (artifact id: '2b02f173ce80ce72c56cdfa84ce20d06') in 0.050486 seconds 
========================================================================
Received Import Request.
  Time since last request: 0.000109 seconds.
  path: Assets/Megapoly.Art/Vintage Controls/Prefabs/Mid_Plate.prefab
  artifactKey: Guid(ba79fd5ea2e8bf14faee36018d49c4d5) Importer(815301076,1909f56bfc062723c751e8b465ee728b)
Start importing Assets/Megapoly.Art/Vintage Controls/Prefabs/Mid_Plate.prefab using Guid(ba79fd5ea2e8bf14faee36018d49c4d5) Importer(815301076,1909f56bfc062723c751e8b465ee728b)  -> (artifact id: '6a66e275a36fde9a33bc0f1f0f4a2232') in 0.037515 seconds 
========================================================================
Received Import Request.
  Time since last request: 0.000115 seconds.
  path: Assets/Megapoly.Art/Vintage Controls/Prefabs/Needle_Knob_Black_2.prefab
  artifactKey: Guid(5493e4c545c68014685a0d78d96cc4b1) Importer(815301076,1909f56bfc062723c751e8b465ee728b)
Start importing Assets/Megapoly.Art/Vintage Controls/Prefabs/Needle_Knob_Black_2.prefab using Guid(5493e4c545c68014685a0d78d96cc4b1) Importer(815301076,1909f56bfc062723c751e8b465ee728b)  -> (artifact id: '07747a8ff13c17abb3fac45f6f314db3') in 0.035335 seconds 
========================================================================
Received Import Request.
  Time since last request: 0.000134 seconds.
  path: Assets/Megapoly.Art/Vintage Controls/Prefabs/Monitor_Small.prefab
  artifactKey: Guid(fec688c30393d5d41826a74dd003e058) Importer(815301076,1909f56bfc062723c751e8b465ee728b)
Start importing Assets/Megapoly.Art/Vintage Controls/Prefabs/Monitor_Small.prefab using Guid(fec688c30393d5d41826a74dd003e058) Importer(815301076,1909f56bfc062723c751e8b465ee728b)  -> (artifact id: 'b04f7f8207067f7967d23b7ef7e61c5f') in 0.046224 seconds 
========================================================================
Received Import Request.
  Time since last request: 10.296561 seconds.
  path: Assets/Megapoly.Art/Vintage Controls/Meshes/ButtonRectangular.FBX
  artifactKey: Guid(f0646fbd8c133f34d9ba1d57f1a8100f) Importer(815301076,1909f56bfc062723c751e8b465ee728b)
Start importing Assets/Megapoly.Art/Vintage Controls/Meshes/ButtonRectangular.FBX using Guid(f0646fbd8c133f34d9ba1d57f1a8100f) Importer(815301076,1909f56bfc062723c751e8b465ee728b)  -> (artifact id: '7a26df1fdb0317c15aeee3ab1128c35c') in 0.260467 seconds 
========================================================================
Received Import Request.
  Time since last request: 0.000104 seconds.
  path: Assets/Megapoly.Art/Vintage Controls/Meshes/Mid_Plate.FBX
  artifactKey: Guid(c50424076dc6b9e4ba68eebee5e0abad) Importer(815301076,1909f56bfc062723c751e8b465ee728b)
Start importing Assets/Megapoly.Art/Vintage Controls/Meshes/Mid_Plate.FBX using Guid(c50424076dc6b9e4ba68eebee5e0abad) Importer(815301076,1909f56bfc062723c751e8b465ee728b)  -> (artifact id: '39d1175d21bcfa562321f86459635c54') in 0.137980 seconds 
========================================================================
Received Import Request.
  Time since last request: 0.000096 seconds.
  path: Assets/Megapoly.Art/Vintage Controls/Meshes/Needle_Knob_BlackWhite.FBX
  artifactKey: Guid(17452e6f7c2d8984d8b0b0ac65fa20bf) Importer(815301076,1909f56bfc062723c751e8b465ee728b)
Start importing Assets/Megapoly.Art/Vintage Controls/Meshes/Needle_Knob_BlackWhite.FBX using Guid(17452e6f7c2d8984d8b0b0ac65fa20bf) Importer(815301076,1909f56bfc062723c751e8b465ee728b)  -> (artifact id: '9915f4a8fdcd7a65f4c49339cd48bf60') in 0.074079 seconds 
========================================================================
Received Import Request.
  Time since last request: 0.000093 seconds.
  path: Assets/Megapoly.Art/Vintage Controls/Meshes/Plate.FBX
  artifactKey: Guid(9f4c66bbea4776f4ba0cd99b43f1436a) Importer(815301076,1909f56bfc062723c751e8b465ee728b)
Start importing Assets/Megapoly.Art/Vintage Controls/Meshes/Plate.FBX using Guid(9f4c66bbea4776f4ba0cd99b43f1436a) Importer(815301076,1909f56bfc062723c751e8b465ee728b)  -> (artifact id: 'c610cef8b04d742cae6dd1771b87a5dc') in 0.064392 seconds 
========================================================================
Received Import Request.
  Time since last request: 0.000100 seconds.
  path: Assets/Megapoly.Art/Vintage Controls/Meshes/HandleLong.FBX
  artifactKey: Guid(4e88337f4086fd74b926d606cd8e05f5) Importer(815301076,1909f56bfc062723c751e8b465ee728b)
Start importing Assets/Megapoly.Art/Vintage Controls/Meshes/HandleLong.FBX using Guid(4e88337f4086fd74b926d606cd8e05f5) Importer(815301076,1909f56bfc062723c751e8b465ee728b)  -> (artifact id: '6e815172a70ec6463fbbb3b62bf0b22a') in 0.064895 seconds 
========================================================================
Received Import Request.
  Time since last request: 0.000474 seconds.
  path: Assets/Megapoly.Art/Vintage Controls/Meshes/Simple_Knob_Black.FBX
  artifactKey: Guid(3763a4a782c1af14899162446009943f) Importer(815301076,1909f56bfc062723c751e8b465ee728b)
Start importing Assets/Megapoly.Art/Vintage Controls/Meshes/Simple_Knob_Black.FBX using Guid(3763a4a782c1af14899162446009943f) Importer(815301076,1909f56bfc062723c751e8b465ee728b)  -> (artifact id: '5bda38ec94f8f0fc90388f69d7888c78') in 0.068583 seconds 
========================================================================
Received Import Request.
  Time since last request: 0.000083 seconds.
  path: Assets/Megapoly.Art/Vintage Controls/Meshes/LampFrame.FBX
  artifactKey: Guid(4407fa26fad30e142a08c624907a0a6a) Importer(815301076,1909f56bfc062723c751e8b465ee728b)
Start importing Assets/Megapoly.Art/Vintage Controls/Meshes/LampFrame.FBX using Guid(4407fa26fad30e142a08c624907a0a6a) Importer(815301076,1909f56bfc062723c751e8b465ee728b)  -> (artifact id: '38f82f71f4dc60151a7d406bb81485da') in 0.107378 seconds 
========================================================================
Received Import Request.
  Time since last request: 0.000095 seconds.
  path: Assets/Megapoly.Art/Vintage Controls/Meshes/Monitor_Round.FBX
  artifactKey: Guid(de2d41fa7bec0a54c91b39e50193ea49) Importer(815301076,1909f56bfc062723c751e8b465ee728b)
Start importing Assets/Megapoly.Art/Vintage Controls/Meshes/Monitor_Round.FBX using Guid(de2d41fa7bec0a54c91b39e50193ea49) Importer(815301076,1909f56bfc062723c751e8b465ee728b)  -> (artifact id: '690209b9fd4767e5e68264997756e620') in 0.133867 seconds 
========================================================================
Received Import Request.
  Time since last request: 0.000092 seconds.
  path: Assets/Megapoly.Art/Vintage Controls/Meshes/Gauge_Round_2.FBX
  artifactKey: Guid(cb47aed425f577a47bdf943ae6b5e074) Importer(815301076,1909f56bfc062723c751e8b465ee728b)
Start importing Assets/Megapoly.Art/Vintage Controls/Meshes/Gauge_Round_2.FBX using Guid(cb47aed425f577a47bdf943ae6b5e074) Importer(815301076,1909f56bfc062723c751e8b465ee728b)  -> (artifact id: '7b8947250d8b906e8258f370e3cae180') in 0.115984 seconds 
========================================================================
Received Import Request.
  Time since last request: 0.000097 seconds.
  path: Assets/Megapoly.Art/Vintage Controls/Meshes/Monitor_Small.FBX
  artifactKey: Guid(77d4fb8244b52ac4d81e6f7ccf3b329d) Importer(815301076,1909f56bfc062723c751e8b465ee728b)
Start importing Assets/Megapoly.Art/Vintage Controls/Meshes/Monitor_Small.FBX using Guid(77d4fb8244b52ac4d81e6f7ccf3b329d) Importer(815301076,1909f56bfc062723c751e8b465ee728b)  -> (artifact id: 'c478ed774137a8833737e56e611ccc34') in 0.098235 seconds 
========================================================================
Received Import Request.
  Time since last request: 0.000085 seconds.
  path: Assets/Megapoly.Art/Vintage Controls/Meshes/Roller_3.FBX
  artifactKey: Guid(b145d594bab11054c82636ff9dc770a1) Importer(815301076,1909f56bfc062723c751e8b465ee728b)
Start importing Assets/Megapoly.Art/Vintage Controls/Meshes/Roller_3.FBX using Guid(b145d594bab11054c82636ff9dc770a1) Importer(815301076,1909f56bfc062723c751e8b465ee728b)  -> (artifact id: '7866f973464c5be086a403618cb9e7f2') in 0.067073 seconds 
========================================================================
Received Import Request.
  Time since last request: 0.000098 seconds.
  path: Assets/Megapoly.Art/Vintage Controls/Meshes/Knob_Big_Black.FBX
  artifactKey: Guid(2f811a4681070604abd47438d4c3c799) Importer(815301076,1909f56bfc062723c751e8b465ee728b)
Start importing Assets/Megapoly.Art/Vintage Controls/Meshes/Knob_Big_Black.FBX using Guid(2f811a4681070604abd47438d4c3c799) Importer(815301076,1909f56bfc062723c751e8b465ee728b)  -> (artifact id: '182ee780770929f438ef676133aabc12') in 0.093395 seconds 
========================================================================
Received Import Request.
  Time since last request: 0.000276 seconds.
  path: Assets/Megapoly.Art/Vintage Controls/Meshes/ControlTable_2.FBX
  artifactKey: Guid(b511be1ea6767d34ab1443f10cb39488) Importer(815301076,1909f56bfc062723c751e8b465ee728b)
Start importing Assets/Megapoly.Art/Vintage Controls/Meshes/ControlTable_2.FBX using Guid(b511be1ea6767d34ab1443f10cb39488) Importer(815301076,1909f56bfc062723c751e8b465ee728b)  -> (artifact id: '39ab47a9423f5edd43cb4330e30c4f69') in 0.048996 seconds 
========================================================================
Received Import Request.
  Time since last request: 0.000140 seconds.
  path: Assets/Megapoly.Art/Vintage Controls/Meshes/Knob.FBX
  artifactKey: Guid(cd8b0484f6bad9d44a3519df2daa4fdf) Importer(815301076,1909f56bfc062723c751e8b465ee728b)
Start importing Assets/Megapoly.Art/Vintage Controls/Meshes/Knob.FBX using Guid(cd8b0484f6bad9d44a3519df2daa4fdf) Importer(815301076,1909f56bfc062723c751e8b465ee728b)  -> (artifact id: '4f8f402bc1dfe8cbefcc36cc3c775ade') in 0.058033 seconds 
========================================================================
Received Import Request.
  Time since last request: 0.000102 seconds.
  path: Assets/Megapoly.Art/Vintage Controls/Meshes/Monitor_Big.FBX
  artifactKey: Guid(cf1487d7a2eef384d948b589c1e4a3c6) Importer(815301076,1909f56bfc062723c751e8b465ee728b)
Start importing Assets/Megapoly.Art/Vintage Controls/Meshes/Monitor_Big.FBX using Guid(cf1487d7a2eef384d948b589c1e4a3c6) Importer(815301076,1909f56bfc062723c751e8b465ee728b)  -> (artifact id: 'a45ee2e482c6573e2f481578244b1b8a') in 0.082724 seconds 
========================================================================
Received Import Request.
  Time since last request: 0.000098 seconds.
  path: Assets/Megapoly.Art/Vintage Controls/Meshes/Knob_Black.FBX
  artifactKey: Guid(fa342a2f2bdb03a46b93d1b222b16ae8) Importer(815301076,1909f56bfc062723c751e8b465ee728b)
Start importing Assets/Megapoly.Art/Vintage Controls/Meshes/Knob_Black.FBX using Guid(fa342a2f2bdb03a46b93d1b222b16ae8) Importer(815301076,1909f56bfc062723c751e8b465ee728b)  -> (artifact id: '8c6a244f991519cf91696920a1913216') in 0.062515 seconds 
========================================================================
Received Import Request.
  Time since last request: 0.000405 seconds.
  path: Assets/Megapoly.Art/Vintage Controls/Meshes/JackInput.FBX
  artifactKey: Guid(8361119af2b226349a51449259d97504) Importer(815301076,1909f56bfc062723c751e8b465ee728b)
Start importing Assets/Megapoly.Art/Vintage Controls/Meshes/JackInput.FBX using Guid(8361119af2b226349a51449259d97504) Importer(815301076,1909f56bfc062723c751e8b465ee728b)  -> (artifact id: '3e8ff1b65b128ece8c80bd32c4a4d517') in 0.062487 seconds 
========================================================================
Received Import Request.
  Time since last request: 0.000251 seconds.
  path: Assets/Megapoly.Art/Vintage Controls/Meshes/Roller_2.FBX
  artifactKey: Guid(77d24b50325931c49bcd40073dba9ccd) Importer(815301076,1909f56bfc062723c751e8b465ee728b)
Start importing Assets/Megapoly.Art/Vintage Controls/Meshes/Roller_2.FBX using Guid(77d24b50325931c49bcd40073dba9ccd) Importer(815301076,1909f56bfc062723c751e8b465ee728b)  -> (artifact id: '0d030b755b0b71f8ba05fcfb5ebf08ff') in 0.056660 seconds 
========================================================================
Received Import Request.
  Time since last request: 0.000099 seconds.
  path: Assets/Megapoly.Art/Vintage Controls/Meshes/ButtonRectangularFrame.FBX
  artifactKey: Guid(fc5f00f2f207c564089977c2b42a8986) Importer(815301076,1909f56bfc062723c751e8b465ee728b)
Start importing Assets/Megapoly.Art/Vintage Controls/Meshes/ButtonRectangularFrame.FBX using Guid(fc5f00f2f207c564089977c2b42a8986) Importer(815301076,1909f56bfc062723c751e8b465ee728b)  -> (artifact id: '46bd2c38647a5e7057ee4ce40664ec5e') in 0.059060 seconds 
========================================================================
Received Import Request.
  Time since last request: 0.034184 seconds.
  path: Assets/Megapoly.Art/Vintage Controls/Meshes/Gauge_Round_1.FBX
  artifactKey: Guid(176ac049497f6c146bdcbc77719ca0c3) Importer(815301076,1909f56bfc062723c751e8b465ee728b)
Start importing Assets/Megapoly.Art/Vintage Controls/Meshes/Gauge_Round_1.FBX using Guid(176ac049497f6c146bdcbc77719ca0c3) Importer(815301076,1909f56bfc062723c751e8b465ee728b)  -> (artifact id: '95fc350a1fd04bf7a74fccb48f57e324') in 0.120868 seconds 
========================================================================
Received Import Request.
  Time since last request: 0.000110 seconds.
  path: Assets/Megapoly.Art/Vintage Controls/Meshes/Gauge_Wide.FBX
  artifactKey: Guid(e22503990ec5b084b8678dc869d6d77f) Importer(815301076,1909f56bfc062723c751e8b465ee728b)
Start importing Assets/Megapoly.Art/Vintage Controls/Meshes/Gauge_Wide.FBX using Guid(e22503990ec5b084b8678dc869d6d77f) Importer(815301076,1909f56bfc062723c751e8b465ee728b)  -> (artifact id: 'c5a636b61cd3dad97b3d9f1c71a027ff') in 0.128215 seconds 
========================================================================
Received Import Request.
  Time since last request: 0.000117 seconds.
  path: Assets/Megapoly.Art/Vintage Controls/Meshes/DoubleScreenFrame.FBX
  artifactKey: Guid(fb6d6cc0f0fa26b4eb89c1d8a5e3b321) Importer(815301076,1909f56bfc062723c751e8b465ee728b)
Start importing Assets/Megapoly.Art/Vintage Controls/Meshes/DoubleScreenFrame.FBX using Guid(fb6d6cc0f0fa26b4eb89c1d8a5e3b321) Importer(815301076,1909f56bfc062723c751e8b465ee728b)  -> (artifact id: '5404b38a39be8fdd420aa950ed3fa732') in 0.063494 seconds 
========================================================================
Received Import Request.
  Time since last request: 0.000126 seconds.
  path: Assets/Megapoly.Art/Vintage Controls/Meshes/Roller_1.FBX
  artifactKey: Guid(3d7f1990fba643446a2fb4199b7d8179) Importer(815301076,1909f56bfc062723c751e8b465ee728b)
Start importing Assets/Megapoly.Art/Vintage Controls/Meshes/Roller_1.FBX using Guid(3d7f1990fba643446a2fb4199b7d8179) Importer(815301076,1909f56bfc062723c751e8b465ee728b)  -> (artifact id: 'e83ca1fb618396898d9028c850173a14') in 0.065345 seconds 
========================================================================
Received Import Request.
  Time since last request: 0.000107 seconds.
  path: Assets/Megapoly.Art/Vintage Controls/Meshes/ControlTable_1.FBX
  artifactKey: Guid(8e3ec17082da36d418b7d39d916ef324) Importer(815301076,1909f56bfc062723c751e8b465ee728b)
Start importing Assets/Megapoly.Art/Vintage Controls/Meshes/ControlTable_1.FBX using Guid(8e3ec17082da36d418b7d39d916ef324) Importer(815301076,1909f56bfc062723c751e8b465ee728b)  -> (artifact id: 'b51000c4e1f9a0d3ada1baf486de2de4') in 0.055266 seconds 
========================================================================
Received Import Request.
  Time since last request: 0.000116 seconds.
  path: Assets/Megapoly.Art/Vintage Controls/Meshes/Long_Plate.FBX
  artifactKey: Guid(cf6264aac0a24884d985e664bcc14351) Importer(815301076,1909f56bfc062723c751e8b465ee728b)
Start importing Assets/Megapoly.Art/Vintage Controls/Meshes/Long_Plate.FBX using Guid(cf6264aac0a24884d985e664bcc14351) Importer(815301076,1909f56bfc062723c751e8b465ee728b)  -> (artifact id: '7d54a5c13e2c10aa80b474622c098332') in 0.064991 seconds 
========================================================================
Received Import Request.
  Time since last request: 0.000111 seconds.
  path: Assets/Megapoly.Art/Vintage Controls/Meshes/Knob_Plate_Big.FBX
  artifactKey: Guid(bbb9550141d5f3646b870c71e7a27e1c) Importer(815301076,1909f56bfc062723c751e8b465ee728b)
Start importing Assets/Megapoly.Art/Vintage Controls/Meshes/Knob_Plate_Big.FBX using Guid(bbb9550141d5f3646b870c71e7a27e1c) Importer(815301076,1909f56bfc062723c751e8b465ee728b)  -> (artifact id: 'f7ffb9dad9e35ef1bc414e6846a3e88f') in 0.057512 seconds 
========================================================================
Received Import Request.
  Time since last request: 0.000106 seconds.
  path: Assets/Megapoly.Art/Vintage Controls/Meshes/Needle_Knob_Black.FBX
  artifactKey: Guid(091f8ba2b2473404d8a50ebf0f0d38a0) Importer(815301076,1909f56bfc062723c751e8b465ee728b)
Start importing Assets/Megapoly.Art/Vintage Controls/Meshes/Needle_Knob_Black.FBX using Guid(091f8ba2b2473404d8a50ebf0f0d38a0) Importer(815301076,1909f56bfc062723c751e8b465ee728b)  -> (artifact id: '1a15e76d57859b61f3f88c9e1f966798') in 0.065133 seconds 
========================================================================
Received Import Request.
  Time since last request: 0.000091 seconds.
  path: Assets/Megapoly.Art/Vintage Controls/Meshes/PushButton.FBX
  artifactKey: Guid(cf9743e8b1077ed47b8fec595e767b0d) Importer(815301076,1909f56bfc062723c751e8b465ee728b)
Start importing Assets/Megapoly.Art/Vintage Controls/Meshes/PushButton.FBX using Guid(cf9743e8b1077ed47b8fec595e767b0d) Importer(815301076,1909f56bfc062723c751e8b465ee728b)  -> (artifact id: 'ba037b59dc5c2272f68a42c9cddb558a') in 0.061228 seconds 
========================================================================
Received Import Request.
  Time since last request: 0.000105 seconds.
  path: Assets/Megapoly.Art/Vintage Controls/Meshes/Lamp.FBX
  artifactKey: Guid(da2e2e84bb19c4d4f91996df489df31a) Importer(815301076,1909f56bfc062723c751e8b465ee728b)
Start importing Assets/Megapoly.Art/Vintage Controls/Meshes/Lamp.FBX using Guid(da2e2e84bb19c4d4f91996df489df31a) Importer(815301076,1909f56bfc062723c751e8b465ee728b)  -> (artifact id: '6693d17058736c8b3831056ca438e7e1') in 0.056984 seconds 
========================================================================
Received Import Request.
  Time since last request: 0.000120 seconds.
  path: Assets/Megapoly.Art/Vintage Controls/Meshes/ShortPlate.FBX
  artifactKey: Guid(f90f26e433db2204db7a96e675744b60) Importer(815301076,1909f56bfc062723c751e8b465ee728b)
Start importing Assets/Megapoly.Art/Vintage Controls/Meshes/ShortPlate.FBX using Guid(f90f26e433db2204db7a96e675744b60) Importer(815301076,1909f56bfc062723c751e8b465ee728b)  -> (artifact id: 'c869c548a94af6c291ba0a0e350a46c1') in 0.063111 seconds 
========================================================================
Received Import Request.
  Time since last request: 0.000119 seconds.
  path: Assets/Megapoly.Art/Vintage Controls/Meshes/Gauge_Square.FBX
  artifactKey: Guid(ef6e46b448ee6fa4f802c4c344be67fd) Importer(815301076,1909f56bfc062723c751e8b465ee728b)
Start importing Assets/Megapoly.Art/Vintage Controls/Meshes/Gauge_Square.FBX using Guid(ef6e46b448ee6fa4f802c4c344be67fd) Importer(815301076,1909f56bfc062723c751e8b465ee728b)  -> (artifact id: '4c183d4c89819071a6ba2b2646308447') in 0.089417 seconds 
========================================================================
Received Import Request.
  Time since last request: 0.000088 seconds.
  path: Assets/Megapoly.Art/Vintage Controls/Meshes/Handle_Short.FBX
  artifactKey: Guid(f4bf56f4606d32c47938992d3c958776) Importer(815301076,1909f56bfc062723c751e8b465ee728b)
Start importing Assets/Megapoly.Art/Vintage Controls/Meshes/Handle_Short.FBX using Guid(f4bf56f4606d32c47938992d3c958776) Importer(815301076,1909f56bfc062723c751e8b465ee728b)  -> (artifact id: 'f55d90cca03705a9c5e1436db90a962a') in 0.061920 seconds 
========================================================================
Received Import Request.
  Time since last request: 0.000114 seconds.
  path: Assets/Megapoly.Art/Vintage Controls/Meshes/Knob_Plate.FBX
  artifactKey: Guid(648b6368ee32e7744b7c9de8c4ebe101) Importer(815301076,1909f56bfc062723c751e8b465ee728b)
Start importing Assets/Megapoly.Art/Vintage Controls/Meshes/Knob_Plate.FBX using Guid(648b6368ee32e7744b7c9de8c4ebe101) Importer(815301076,1909f56bfc062723c751e8b465ee728b)  -> (artifact id: 'd9d7abed2285afa010d9b58075969ac9') in 0.060390 seconds 
========================================================================
Received Import Request.
  Time since last request: 0.000118 seconds.
  path: Assets/Megapoly.Art/Vintage Controls/Meshes/Monitor_CRT.FBX
  artifactKey: Guid(c8d7d7d964665c34fa67819e2e0e01ff) Importer(815301076,1909f56bfc062723c751e8b465ee728b)
Start importing Assets/Megapoly.Art/Vintage Controls/Meshes/Monitor_CRT.FBX using Guid(c8d7d7d964665c34fa67819e2e0e01ff) Importer(815301076,1909f56bfc062723c751e8b465ee728b)  -> (artifact id: '010d6d281709f0feb71b57059e8ddfed') in 0.091129 seconds 
========================================================================
Received Import Request.
  Time since last request: 0.000092 seconds.
  path: Assets/Megapoly.Art/Vintage Controls/Meshes/Magentic_Tape.FBX
  artifactKey: Guid(b217747873737c94e98a8bb3d10dc088) Importer(815301076,1909f56bfc062723c751e8b465ee728b)
Start importing Assets/Megapoly.Art/Vintage Controls/Meshes/Magentic_Tape.FBX using Guid(b217747873737c94e98a8bb3d10dc088) Importer(815301076,1909f56bfc062723c751e8b465ee728b)  -> (artifact id: '42a61209becb453a9a4e8e58ea410ee4') in 0.058626 seconds 
========================================================================
Received Import Request.
  Time since last request: 0.000224 seconds.
  path: Assets/Megapoly.Art/Vintage Controls/Meshes/Needle_Knob_Black_2.FBX
  artifactKey: Guid(54778e681bfb993478fd2ba6a99f0929) Importer(815301076,1909f56bfc062723c751e8b465ee728b)
Start importing Assets/Megapoly.Art/Vintage Controls/Meshes/Needle_Knob_Black_2.FBX using Guid(54778e681bfb993478fd2ba6a99f0929) Importer(815301076,1909f56bfc062723c751e8b465ee728b)  -> (artifact id: '003a1bae2fc0512d7b8462545c1c8def') in 0.079318 seconds 
========================================================================
Received Import Request.
  Time since last request: 0.000103 seconds.
  path: Assets/Megapoly.Art/Vintage Controls/Meshes/Roller_Spindle.FBX
  artifactKey: Guid(b906e24ae80ec9c44a224ff46edd7806) Importer(815301076,1909f56bfc062723c751e8b465ee728b)
Start importing Assets/Megapoly.Art/Vintage Controls/Meshes/Roller_Spindle.FBX using Guid(b906e24ae80ec9c44a224ff46edd7806) Importer(815301076,1909f56bfc062723c751e8b465ee728b)  -> (artifact id: '655e97b83664fe73cd1103b966ec2de3') in 0.050636 seconds 
========================================================================
Received Import Request.
  Time since last request: 1.766906 seconds.
  path: Assets/Megapoly.Art/Vintage Controls/Textures/Sprite-0001.png
  artifactKey: Guid(acef42c800e2afd4c86b29c8511b083f) Importer(815301076,1909f56bfc062723c751e8b465ee728b)
Start importing Assets/Megapoly.Art/Vintage Controls/Textures/Sprite-0001.png using Guid(acef42c800e2afd4c86b29c8511b083f) Importer(815301076,1909f56bfc062723c751e8b465ee728b)  -> (artifact id: '188fbd56ec6f2c8b897fda949b0d9f10') in 1.434736 seconds 
========================================================================
Received Import Request.
  Time since last request: 0.000131 seconds.
  path: Assets/Megapoly.Art/Vintage Controls/Textures/Tex_256Gradient.png
  artifactKey: Guid(ac7f9d69d1f4ac647b0b88d4217dd698) Importer(815301076,1909f56bfc062723c751e8b465ee728b)
Start importing Assets/Megapoly.Art/Vintage Controls/Textures/Tex_256Gradient.png using Guid(ac7f9d69d1f4ac647b0b88d4217dd698) Importer(815301076,1909f56bfc062723c751e8b465ee728b)  -> (artifact id: '74c20a2911826fa4b34259936f17b5db') in 0.067943 seconds 
